<?xml version="1.0" encoding="UTF-8"?>
<!-- Generated by org.testng.reporters.JUnitReportReporter -->
<testsuite hostname="yuvaraj-PC" failures="0" tests="3" name="org.test.Sample1" time="0.005" errors="0" timestamp="25 May 2022 16:32:44 GMT" skipped="0">
  <testcase classname="org.test.Sample1" name="tc5" time="0.002"/>
  <testcase classname="org.test.Sample1" name="tc6" time="0.002"/>
  <testcase classname="org.test.Sample1" name="tc4" time="0.001"/>
</testsuite> <!-- org.test.Sample1 -->
