<?xml version="1.0" encoding="UTF-8"?>
<!-- Generated by org.testng.reporters.JUnitReportReporter -->
<testsuite hostname="yuvaraj-PC" failures="0" tests="3" name="org.test.G3" time="0.005" errors="0" timestamp="27 Jun 2022 03:34:13 GMT" skipped="0">
  <testcase classname="org.test.G3" name="tc333" time="0.002"/>
  <testcase classname="org.test.G3" name="tc111" time="0.001"/>
  <testcase classname="org.test.G3" name="tc222" time="0.002"/>
</testsuite> <!-- org.test.G3 -->
