<?xml version="1.0" encoding="UTF-8"?>
<!-- Generated by org.testng.reporters.JUnitReportReporter -->
<testsuite hostname="yuvaraj-PC" failures="0" tests="3" name="org.test.Sample" time="0.021" errors="0" timestamp="25 May 2022 16:32:44 GMT" skipped="0">
  <testcase classname="org.test.Sample" name="tc3" time="0.001"/>
  <testcase classname="org.test.Sample" name="tc2" time="0.002"/>
  <testcase classname="org.test.Sample" name="tc1" time="0.018"/>
</testsuite> <!-- org.test.Sample -->
