<?xml version="1.0" encoding="UTF-8"?>
<!-- Generated by org.testng.reporters.JUnitReportReporter -->
<testsuite hostname="yuvaraj-PC" failures="0" tests="3" name="org.test.Paramater" time="0.536" errors="0" timestamp="01 Jun 2022 07:17:35 GMT" skipped="0">
  <testcase classname="org.test.Paramater" name="tc1" time="0.511"/>
  <testcase classname="org.test.Paramater" name="tc2" time="0.011"/>
  <testcase classname="org.test.Paramater" name="tc3" time="0.014"/>
</testsuite> <!-- org.test.Paramater -->
