<?xml version="1.0" encoding="UTF-8"?>
<!-- Generated by org.testng.reporters.JUnitReportReporter -->
<testsuite hostname="yuvaraj-PC" failures="0" tests="5" name="org.test.Dataprovider" time="33.989" errors="0" timestamp="01 Jun 2022 07:30:48 GMT" skipped="0">
  <testcase classname="org.test.Dataprovider" name="tc3" time="16.005"/>
  <testcase classname="org.test.Dataprovider" name="tc3" time="11.675"/>
  <testcase classname="org.test.Dataprovider" name="tc1" time="0.025"/>
  <testcase classname="org.test.Dataprovider" name="tc2" time="0.011"/>
  <testcase classname="org.test.Dataprovider" name="tc3" time="6.273"/>
</testsuite> <!-- org.test.Dataprovider -->
