<?xml version="1.0" encoding="UTF-8"?>
<!-- Generated by org.testng.reporters.JUnitReportReporter -->
<testsuite hostname="yuvaraj-PC" failures="0" tests="4" name="org.test.Day2" time="23.869" errors="0" timestamp="25 May 2022 16:32:00 GMT" skipped="1">
  <testcase classname="org.test.Day2" name="tc4" time="2.004"/>
  <testcase classname="org.test.Day2" name="tc3" time="0.450"/>
  <testcase classname="org.test.Day2" name="tc1" time="21.415"/>
  <testcase classname="org.test.Day2" name="tc2">
    <skipped/>
  </testcase> <!-- tc2 -->
</testsuite> <!-- org.test.Day2 -->
