<?xml version="1.0" encoding="UTF-8"?>
<!-- Generated by org.testng.reporters.JUnitReportReporter -->
<testsuite hostname="yuvaraj-PC" failures="0" tests="2" name="org.test.G1" time="0.032" errors="0" timestamp="27 Jun 2022 03:34:13 GMT" skipped="0">
  <testcase classname="org.test.G1" name="tc22" time="0.031"/>
  <testcase classname="org.test.G1" name="tc33" time="0.001"/>
</testsuite> <!-- org.test.G1 -->
