<?xml version="1.0" encoding="UTF-8"?>
<!-- Generated by org.testng.reporters.JUnitReportReporter -->
<testsuite hostname="yuvaraj-PC" failures="0" tests="3" name="org.test.G2" time="0.004" errors="0" timestamp="27 Jun 2022 03:34:13 GMT" skipped="0">
  <testcase classname="org.test.G2" name="tc1" time="0.002"/>
  <testcase classname="org.test.G2" name="tc3" time="0.001"/>
  <testcase classname="org.test.G2" name="tc2" time="0.001"/>
</testsuite> <!-- org.test.G2 -->
